
-----
Test: tests/test_google_maps_api.py::Test_loc::test_post_loc (call)
Time: 2022-10-07 19:37:53.856218
Request method: POST
Request URL: https://rahulshettyacademy.com/maps/api/place/add/json?key=qaclick123

Response code: 200
Response body: {'status': 'OK', 'place_id': 'd9bf74481c462bef55cd04793a05b14e', 'scope': 'APP', 'reference': '2de996b448b2f9087c10272751fc8c0e2de996b448b2f9087c10272751fc8c0e', 'id': '2de996b448b2f9087c10272751fc8c0e'}
Response headers: {'Date': 'Fri, 07 Oct 2022 16:37:52 GMT', 'Server': 'Apache/2.4.41 (Ubuntu)', 'Access-Control-Allow-Origin': '*', 'Access-Control-Allow-Methods': 'POST', 'Access-Control-Max-Age': '3600', 'Access-Control-Allow-Headers': 'Content-Type, Access-Control-Allow-Headers, Authorization, X-Requested-With', 'Content-Length': '194', 'Keep-Alive': 'timeout=5, max=100', 'Connection': 'Keep-Alive', 'Content-Type': 'application/json;charset=UTF-8'}
Response cookies: {}

-----

-----
Test: tests/test_google_maps_api.py::Test_loc::test_post_loc (call)
Time: 2022-10-07 19:37:54.378178
Request method: GET
Request URL: https://rahulshettyacademy.com/maps/api/place/get/json?key=qaclick123&place_id=d9bf74481c462bef55cd04793a05b14e

Response code: 200
Response body: {'location': {'latitude': '-38.383494', 'longitude': '33.427362'}, 'accuracy': '50', 'name': 'Frontlinehouse', 'phone_number': '(+91)9838933937', 'address': '29,sidelayout,cohen09', 'types': 'shoepark,shop', 'website': 'http://google.com', 'language': 'French-IN'}
Response headers: {'Date': 'Fri, 07 Oct 2022 16:37:53 GMT', 'Server': 'Apache/2.4.41 (Ubuntu)', 'Access-Control-Allow-Origin': '*', 'Access-Control-Allow-Methods': 'POST', 'Access-Control-Max-Age': '3600', 'Access-Control-Allow-Headers': 'Content-Type, Access-Control-Allow-Headers, Authorization, X-Requested-With', 'Content-Length': '248', 'Keep-Alive': 'timeout=5, max=100', 'Connection': 'Keep-Alive', 'Content-Type': 'application/json;charset=UTF-8'}
Response cookies: {}

-----

-----
Test: tests/test_google_maps_api.py::Test_loc::test_get_loc (call)
Time: 2022-10-07 19:37:55.021000
Request method: GET
Request URL: https://rahulshettyacademy.com/maps/api/place/get/json?key=qaclick123&place_id=d9bf74481c462bef55cd04793a05b14e

Response code: 200
Response body: {'location': {'latitude': '-38.383494', 'longitude': '33.427362'}, 'accuracy': '50', 'name': 'Frontlinehouse', 'phone_number': '(+91)9838933937', 'address': '29,sidelayout,cohen09', 'types': 'shoepark,shop', 'website': 'http://google.com', 'language': 'French-IN'}
Response headers: {'Date': 'Fri, 07 Oct 2022 16:37:53 GMT', 'Server': 'Apache/2.4.41 (Ubuntu)', 'Access-Control-Allow-Origin': '*', 'Access-Control-Allow-Methods': 'POST', 'Access-Control-Max-Age': '3600', 'Access-Control-Allow-Headers': 'Content-Type, Access-Control-Allow-Headers, Authorization, X-Requested-With', 'Content-Length': '248', 'Keep-Alive': 'timeout=5, max=100', 'Connection': 'Keep-Alive', 'Content-Type': 'application/json;charset=UTF-8'}
Response cookies: {}

-----

-----
Test: tests/test_google_maps_api.py::Test_loc::test_put_loc (call)
Time: 2022-10-07 19:37:55.651109
Request method: PUT
Request URL: https://rahulshettyacademy.com/maps/api/place/update/json?key=qaclick123

Response code: 200
Response body: {'msg': 'Address successfully updated'}
Response headers: {'Date': 'Fri, 07 Oct 2022 16:37:54 GMT', 'Server': 'Apache/2.4.41 (Ubuntu)', 'Access-Control-Allow-Origin': '*', 'Access-Control-Allow-Methods': 'POST', 'Access-Control-Max-Age': '3600', 'Access-Control-Allow-Headers': 'Content-Type, Access-Control-Allow-Headers, Authorization, X-Requested-With', 'Content-Length': '38', 'Keep-Alive': 'timeout=5, max=100', 'Connection': 'Keep-Alive', 'Content-Type': 'application/json;charset=UTF-8'}
Response cookies: {}

-----

-----
Test: tests/test_google_maps_api.py::Test_loc::test_put_loc (call)
Time: 2022-10-07 19:37:56.420755
Request method: GET
Request URL: https://rahulshettyacademy.com/maps/api/place/get/json?key=qaclick123&place_id=d9bf74481c462bef55cd04793a05b14e

Response code: 200
Response body: {'location': {'latitude': '-38.383494', 'longitude': '33.427362'}, 'accuracy': '50', 'name': 'Frontlinehouse', 'phone_number': '(+91)9838933937', 'address': 'Chernyahovskogo 23A, Ukraine', 'types': 'shoepark,shop', 'website': 'http://google.com', 'language': 'French-IN'}
Response headers: {'Date': 'Fri, 07 Oct 2022 16:37:55 GMT', 'Server': 'Apache/2.4.41 (Ubuntu)', 'Access-Control-Allow-Origin': '*', 'Access-Control-Allow-Methods': 'POST', 'Access-Control-Max-Age': '3600', 'Access-Control-Allow-Headers': 'Content-Type, Access-Control-Allow-Headers, Authorization, X-Requested-With', 'Content-Length': '255', 'Keep-Alive': 'timeout=5, max=100', 'Connection': 'Keep-Alive', 'Content-Type': 'application/json;charset=UTF-8'}
Response cookies: {}

-----

-----
Test: tests/test_google_maps_api.py::Test_loc::test_put_loc (call)
Time: 2022-10-07 19:37:57.061389
Request method: GET
Request URL: https://rahulshettyacademy.com/maps/api/place/get/json?key=qaclick123&place_id=d9bf74481c462bef55cd04793a05b14e

Response code: 200
Response body: {'location': {'latitude': '-38.383494', 'longitude': '33.427362'}, 'accuracy': '50', 'name': 'Frontlinehouse', 'phone_number': '(+91)9838933937', 'address': 'Chernyahovskogo 23A, Ukraine', 'types': 'shoepark,shop', 'website': 'http://google.com', 'language': 'French-IN'}
Response headers: {'Date': 'Fri, 07 Oct 2022 16:37:56 GMT', 'Server': 'Apache/2.4.41 (Ubuntu)', 'Access-Control-Allow-Origin': '*', 'Access-Control-Allow-Methods': 'POST', 'Access-Control-Max-Age': '3600', 'Access-Control-Allow-Headers': 'Content-Type, Access-Control-Allow-Headers, Authorization, X-Requested-With', 'Content-Length': '255', 'Keep-Alive': 'timeout=5, max=100', 'Connection': 'Keep-Alive', 'Content-Type': 'application/json;charset=UTF-8'}
Response cookies: {}

-----

-----
Test: tests/test_google_maps_api.py::Test_loc::test_del_loc (call)
Time: 2022-10-07 19:37:57.707899
Request method: DELETE
Request URL: https://rahulshettyacademy.com/maps/api/place/delete/json?key=qaclick123

Response code: 200
Response body: {'status': 'OK'}
Response headers: {'Date': 'Fri, 07 Oct 2022 16:37:56 GMT', 'Server': 'Apache/2.4.41 (Ubuntu)', 'Access-Control-Allow-Origin': '*', 'Access-Control-Allow-Methods': 'POST', 'Access-Control-Max-Age': '3600', 'Access-Control-Allow-Headers': 'Content-Type, Access-Control-Allow-Headers, Authorization, X-Requested-With', 'Content-Length': '15', 'Keep-Alive': 'timeout=5, max=100', 'Connection': 'Keep-Alive', 'Content-Type': 'application/json;charset=UTF-8'}
Response cookies: {}

-----

-----
Test: tests/test_google_maps_api.py::Test_loc::test_del_loc (call)
Time: 2022-10-07 19:37:58.475420
Request method: GET
Request URL: https://rahulshettyacademy.com/maps/api/place/get/json?key=qaclick123&place_id=d9bf74481c462bef55cd04793a05b14e

Response code: 404
Response body: {'msg': "Get operation failed, looks like place_id  doesn't exists"}
Response headers: {'Date': 'Fri, 07 Oct 2022 16:37:57 GMT', 'Server': 'Apache/2.4.41 (Ubuntu)', 'Access-Control-Allow-Origin': '*', 'Access-Control-Allow-Methods': 'POST', 'Access-Control-Max-Age': '3600', 'Access-Control-Allow-Headers': 'Content-Type, Access-Control-Allow-Headers, Authorization, X-Requested-With', 'Content-Length': '67', 'Keep-Alive': 'timeout=5, max=100', 'Connection': 'Keep-Alive', 'Content-Type': 'application/json;charset=UTF-8'}
Response cookies: {}

-----
