
-----
Test: tests/test_google_maps_api.py::Test_loc::test_post_loc (call)
Time: 2022-10-07 19:13:07.416994
Request method: POST
Request URL: https://rahulshettyacademy.com/maps/api/place/add/json?key=qaclick123

Response code: 200
Response body: {'status': 'OK', 'place_id': 'b6060d2e88c0c7260b666b0a14ac89c6', 'scope': 'APP', 'reference': 'cdbddbd02492593269caa5d3fcf31905cdbddbd02492593269caa5d3fcf31905', 'id': 'cdbddbd02492593269caa5d3fcf31905'}
Response headers: {'Date': 'Fri, 07 Oct 2022 16:13:07 GMT', 'Server': 'Apache/2.4.41 (Ubuntu)', 'Access-Control-Allow-Origin': '*', 'Access-Control-Allow-Methods': 'POST', 'Access-Control-Max-Age': '3600', 'Access-Control-Allow-Headers': 'Content-Type, Access-Control-Allow-Headers, Authorization, X-Requested-With', 'Content-Length': '194', 'Keep-Alive': 'timeout=5, max=100', 'Connection': 'Keep-Alive', 'Content-Type': 'application/json;charset=UTF-8'}
Response cookies: {}

-----

-----
Test: tests/test_google_maps_api.py::Test_loc::test_post_loc (call)
Time: 2022-10-07 19:13:08.752855
Request method: GET
Request URL: https://rahulshettyacademy.com/maps/api/place/get/json?key=qaclick123&place_id=b6060d2e88c0c7260b666b0a14ac89c6

Response code: 200
Response body: {'location': {'latitude': '-38.383494', 'longitude': '33.427362'}, 'accuracy': '50', 'name': 'Frontlinehouse', 'phone_number': '(+91)9838933937', 'address': '29,sidelayout,cohen09', 'types': 'shoepark,shop', 'website': 'http://google.com', 'language': 'French-IN'}
Response headers: {'Date': 'Fri, 07 Oct 2022 16:13:07 GMT', 'Server': 'Apache/2.4.41 (Ubuntu)', 'Access-Control-Allow-Origin': '*', 'Access-Control-Allow-Methods': 'POST', 'Access-Control-Max-Age': '3600', 'Access-Control-Allow-Headers': 'Content-Type, Access-Control-Allow-Headers, Authorization, X-Requested-With', 'Content-Length': '248', 'Keep-Alive': 'timeout=5, max=100', 'Connection': 'Keep-Alive', 'Content-Type': 'application/json;charset=UTF-8'}
Response cookies: {}

-----

-----
Test: tests/test_google_maps_api.py::Test_loc::test_get_loc (call)
Time: 2022-10-07 19:13:09.563076
Request method: GET
Request URL: https://rahulshettyacademy.com/maps/api/place/get/json?key=qaclick123&place_id=b6060d2e88c0c7260b666b0a14ac89c6

Response code: 200
Response body: {'location': {'latitude': '-38.383494', 'longitude': '33.427362'}, 'accuracy': '50', 'name': 'Frontlinehouse', 'phone_number': '(+91)9838933937', 'address': '29,sidelayout,cohen09', 'types': 'shoepark,shop', 'website': 'http://google.com', 'language': 'French-IN'}
Response headers: {'Date': 'Fri, 07 Oct 2022 16:13:08 GMT', 'Server': 'Apache/2.4.41 (Ubuntu)', 'Access-Control-Allow-Origin': '*', 'Access-Control-Allow-Methods': 'POST', 'Access-Control-Max-Age': '3600', 'Access-Control-Allow-Headers': 'Content-Type, Access-Control-Allow-Headers, Authorization, X-Requested-With', 'Content-Length': '248', 'Keep-Alive': 'timeout=5, max=100', 'Connection': 'Keep-Alive', 'Content-Type': 'application/json;charset=UTF-8'}
Response cookies: {}

-----

-----
Test: tests/test_google_maps_api.py::Test_loc::test_put_loc (call)
Time: 2022-10-07 19:13:10.301827
Request method: PUT
Request URL: https://rahulshettyacademy.com/maps/api/place/update/json?key=qaclick123

Response code: 200
Response body: {'msg': 'Address successfully updated'}
Response headers: {'Date': 'Fri, 07 Oct 2022 16:13:09 GMT', 'Server': 'Apache/2.4.41 (Ubuntu)', 'Access-Control-Allow-Origin': '*', 'Access-Control-Allow-Methods': 'POST', 'Access-Control-Max-Age': '3600', 'Access-Control-Allow-Headers': 'Content-Type, Access-Control-Allow-Headers, Authorization, X-Requested-With', 'Content-Length': '38', 'Keep-Alive': 'timeout=5, max=100', 'Connection': 'Keep-Alive', 'Content-Type': 'application/json;charset=UTF-8'}
Response cookies: {}

-----

-----
Test: tests/test_google_maps_api.py::Test_loc::test_put_loc (call)
Time: 2022-10-07 19:13:11.114796
Request method: GET
Request URL: https://rahulshettyacademy.com/maps/api/place/get/json?key=qaclick123&place_id=b6060d2e88c0c7260b666b0a14ac89c6

Response code: 200
Response body: {'location': {'latitude': '-38.383494', 'longitude': '33.427362'}, 'accuracy': '50', 'name': 'Frontlinehouse', 'phone_number': '(+91)9838933937', 'address': 'Chernyahovskogo 23A, Ukraine', 'types': 'shoepark,shop', 'website': 'http://google.com', 'language': 'French-IN'}
Response headers: {'Date': 'Fri, 07 Oct 2022 16:13:10 GMT', 'Server': 'Apache/2.4.41 (Ubuntu)', 'Access-Control-Allow-Origin': '*', 'Access-Control-Allow-Methods': 'POST', 'Access-Control-Max-Age': '3600', 'Access-Control-Allow-Headers': 'Content-Type, Access-Control-Allow-Headers, Authorization, X-Requested-With', 'Content-Length': '255', 'Keep-Alive': 'timeout=5, max=100', 'Connection': 'Keep-Alive', 'Content-Type': 'application/json;charset=UTF-8'}
Response cookies: {}

-----

-----
Test: tests/test_google_maps_api.py::Test_loc::test_put_loc (call)
Time: 2022-10-07 19:13:12.040159
Request method: GET
Request URL: https://rahulshettyacademy.com/maps/api/place/get/json?key=qaclick123&place_id=b6060d2e88c0c7260b666b0a14ac89c6

Response code: 200
Response body: {'location': {'latitude': '-38.383494', 'longitude': '33.427362'}, 'accuracy': '50', 'name': 'Frontlinehouse', 'phone_number': '(+91)9838933937', 'address': 'Chernyahovskogo 23A, Ukraine', 'types': 'shoepark,shop', 'website': 'http://google.com', 'language': 'French-IN'}
Response headers: {'Date': 'Fri, 07 Oct 2022 16:13:11 GMT', 'Server': 'Apache/2.4.41 (Ubuntu)', 'Access-Control-Allow-Origin': '*', 'Access-Control-Allow-Methods': 'POST', 'Access-Control-Max-Age': '3600', 'Access-Control-Allow-Headers': 'Content-Type, Access-Control-Allow-Headers, Authorization, X-Requested-With', 'Content-Length': '255', 'Keep-Alive': 'timeout=5, max=100', 'Connection': 'Keep-Alive', 'Content-Type': 'application/json;charset=UTF-8'}
Response cookies: {}

-----

-----
Test: tests/test_google_maps_api.py::Test_loc::test_del_loc (call)
Time: 2022-10-07 19:13:12.703043
Request method: DELETE
Request URL: https://rahulshettyacademy.com/maps/api/place/delete/json?key=qaclick123

Response code: 200
Response body: {'status': 'OK'}
Response headers: {'Date': 'Fri, 07 Oct 2022 16:13:11 GMT', 'Server': 'Apache/2.4.41 (Ubuntu)', 'Access-Control-Allow-Origin': '*', 'Access-Control-Allow-Methods': 'POST', 'Access-Control-Max-Age': '3600', 'Access-Control-Allow-Headers': 'Content-Type, Access-Control-Allow-Headers, Authorization, X-Requested-With', 'Content-Length': '15', 'Keep-Alive': 'timeout=5, max=100', 'Connection': 'Keep-Alive', 'Content-Type': 'application/json;charset=UTF-8'}
Response cookies: {}

-----

-----
Test: tests/test_google_maps_api.py::Test_loc::test_del_loc (call)
Time: 2022-10-07 19:13:13.462948
Request method: GET
Request URL: https://rahulshettyacademy.com/maps/api/place/get/json?key=qaclick123&place_id=b6060d2e88c0c7260b666b0a14ac89c6

Response code: 404
Response body: {'msg': "Get operation failed, looks like place_id  doesn't exists"}
Response headers: {'Date': 'Fri, 07 Oct 2022 16:13:12 GMT', 'Server': 'Apache/2.4.41 (Ubuntu)', 'Access-Control-Allow-Origin': '*', 'Access-Control-Allow-Methods': 'POST', 'Access-Control-Max-Age': '3600', 'Access-Control-Allow-Headers': 'Content-Type, Access-Control-Allow-Headers, Authorization, X-Requested-With', 'Content-Length': '67', 'Keep-Alive': 'timeout=5, max=100', 'Connection': 'Keep-Alive', 'Content-Type': 'application/json;charset=UTF-8'}
Response cookies: {}

-----
